d:\c#\文件夹病毒专杀工具\hooktooldll64\x64\debug\hooktooldll64.pch
d:\c#\文件夹病毒专杀工具\hooktooldll64\x64\debug\vc142.pdb
d:\c#\文件夹病毒专杀工具\hooktooldll64\x64\debug\vc142.idb
d:\c#\文件夹病毒专杀工具\hooktooldll64\x64\debug\pch.obj
d:\c#\文件夹病毒专杀工具\hooktooldll64\x64\debug\dllmain.obj
d:\c#\文件夹病毒专杀工具\debug\hooktooldll64.lib
d:\c#\文件夹病毒专杀工具\debug\hooktooldll64.exp
d:\c#\文件夹病毒专杀工具\debug\hooktooldll64.dll
d:\c#\文件夹病毒专杀工具\debug\hooktooldll64.ilk
d:\c#\文件夹病毒专杀工具\debug\hooktooldll64.pdb
d:\c#\文件夹病毒专杀工具\hooktooldll64\..\debug\hooktooldll64.dll
d:\c#\文件夹病毒专杀工具\hooktooldll64\x64\debug\hooktooldll64.tlog\cl.command.1.tlog
d:\c#\文件夹病毒专杀工具\hooktooldll64\x64\debug\hooktooldll64.tlog\cl.read.1.tlog
d:\c#\文件夹病毒专杀工具\hooktooldll64\x64\debug\hooktooldll64.tlog\cl.write.1.tlog
d:\c#\文件夹病毒专杀工具\hooktooldll64\x64\debug\hooktooldll64.tlog\hooktooldll64.write.1u.tlog
d:\c#\文件夹病毒专杀工具\hooktooldll64\x64\debug\hooktooldll64.tlog\link.14908.delete.1.tlog
d:\c#\文件夹病毒专杀工具\hooktooldll64\x64\debug\hooktooldll64.tlog\link.18868.delete.1.tlog
d:\c#\文件夹病毒专杀工具\hooktooldll64\x64\debug\hooktooldll64.tlog\link.command.1.tlog
d:\c#\文件夹病毒专杀工具\hooktooldll64\x64\debug\hooktooldll64.tlog\link.read.1.tlog
d:\c#\文件夹病毒专杀工具\hooktooldll64\x64\debug\hooktooldll64.tlog\link.write.1.tlog
