d:\c#\文件夹病毒专杀工具\hooktooldll\debug\hooktooldll32.pch
d:\c#\文件夹病毒专杀工具\hooktooldll\debug\vc142.pdb
d:\c#\文件夹病毒专杀工具\hooktooldll\debug\vc142.idb
d:\c#\文件夹病毒专杀工具\hooktooldll\debug\pch.obj
d:\c#\文件夹病毒专杀工具\hooktooldll\debug\dllmain.obj
d:\c#\文件夹病毒专杀工具\debug\hooktooldll32.lib
d:\c#\文件夹病毒专杀工具\debug\hooktooldll32.exp
d:\c#\文件夹病毒专杀工具\debug\hooktooldll32.dll
d:\c#\文件夹病毒专杀工具\debug\hooktooldll32.ilk
d:\c#\文件夹病毒专杀工具\debug\hooktooldll32.pdb
d:\c#\文件夹病毒专杀工具\hooktooldll\debug\hooktooldll.pch
d:\c#\文件夹病毒专杀工具\hooktooldll\..\debug\hooktooldll32.dll
d:\c#\文件夹病毒专杀工具\hooktooldll\debug\hooktooldll32.tlog\cl.command.1.tlog
d:\c#\文件夹病毒专杀工具\hooktooldll\debug\hooktooldll32.tlog\cl.read.1.tlog
d:\c#\文件夹病毒专杀工具\hooktooldll\debug\hooktooldll32.tlog\cl.write.1.tlog
d:\c#\文件夹病毒专杀工具\hooktooldll\debug\hooktooldll32.tlog\hooktooldll32.write.1u.tlog
d:\c#\文件夹病毒专杀工具\hooktooldll\debug\hooktooldll32.tlog\link.11684.delete.1.tlog
d:\c#\文件夹病毒专杀工具\hooktooldll\debug\hooktooldll32.tlog\link.13184.delete.1.tlog
d:\c#\文件夹病毒专杀工具\hooktooldll\debug\hooktooldll32.tlog\link.command.1.tlog
d:\c#\文件夹病毒专杀工具\hooktooldll\debug\hooktooldll32.tlog\link.read.1.tlog
d:\c#\文件夹病毒专杀工具\hooktooldll\debug\hooktooldll32.tlog\link.write.1.tlog
